<?xml version="1.0" encoding="UTF-8"?>
<testsuite xmlns:xsi="http://www.w3.org/2001/XMLSchema-instance" xsi:noNamespaceSchemaLocation="https://maven.apache.org/surefire/maven-surefire-plugin/xsd/surefire-test-report-3.0.xsd" version="3.0" name="com.starburstdata.udfs.encrypt.TestEncrypt" time="3.082" tests="1" errors="0" skipped="0" failures="0">
  <properties>
    <property name="gopherProxySet" value="false"/>
    <property name="awt.toolkit" value="sun.lwawt.macosx.LWCToolkit"/>
    <property name="java.specification.version" value="11"/>
    <property name="sun.cpu.isalist" value=""/>
    <property name="user.region" value="US"/>
    <property name="sun.jnu.encoding" value="UTF-8"/>
    <property name="java.class.path" value="/Users/victor/product/UDF/trino-encrypt-udfs/target/test-classes:/Users/victor/product/UDF/trino-encrypt-udfs/target/classes:/Users/victor/.m2/repository/com/google/guava/guava/30.1.1-jre/guava-30.1.1-jre.jar:/Users/victor/.m2/repository/com/google/guava/failureaccess/1.0.1/failureaccess-1.0.1.jar:/Users/victor/.m2/repository/com/google/code/findbugs/jsr305/3.0.2/jsr305-3.0.2.jar:/Users/victor/.m2/repository/org/checkerframework/checker-qual/3.18.0/checker-qual-3.18.0.jar:/Users/victor/.m2/repository/com/google/errorprone/error_prone_annotations/2.9.0/error_prone_annotations-2.9.0.jar:/Users/victor/.m2/repository/com/google/j2objc/j2objc-annotations/1.3/j2objc-annotations-1.3.jar:/Users/victor/.m2/repository/io/trino/trino-spi/364/trino-spi-364.jar:/Users/victor/.m2/repository/com/fasterxml/jackson/core/jackson-annotations/2.12.3/jackson-annotations-2.12.3.jar:/Users/victor/.m2/repository/io/airlift/slice/0.39/slice-0.39.jar:/Users/victor/.m2/repository/org/openjdk/jol/jol-core/0.2/jol-core-0.2.jar:/Users/victor/.m2/repository/io/trino/trino-main/364/trino-main-364.jar:/Users/victor/.m2/repository/io/trino/trino-array/364/trino-array-364.jar:/Users/victor/.m2/repository/io/trino/trino-client/364/trino-client-364.jar:/Users/victor/.m2/repository/com/fasterxml/jackson/datatype/jackson-datatype-jdk8/2.12.3/jackson-datatype-jdk8-2.12.3.jar:/Users/victor/.m2/repository/io/trino/trino-geospatial-toolkit/364/trino-geospatial-toolkit-364.jar:/Users/victor/.m2/repository/org/locationtech/jts/io/jts-io-common/1.16.1/jts-io-common-1.16.1.jar:/Users/victor/.m2/repository/com/googlecode/json-simple/json-simple/1.1.1/json-simple-1.1.1.jar:/Users/victor/.m2/repository/io/trino/trino-matching/364/trino-matching-364.jar:/Users/victor/.m2/repository/io/trino/trino-memory-context/364/trino-memory-context-364.jar:/Users/victor/.m2/repository/io/trino/trino-parser/364/trino-parser-364.jar:/Users/victor/.m2/repository/org/antlr/antlr4-runtime/4.9.2/antlr4-runtime-4.9.2.jar:/Users/victor/.m2/repository/io/trino/trino-plugin-toolkit/364/trino-plugin-toolkit-364.jar:/Users/victor/.m2/repository/io/airlift/parameternames/1.4/parameternames-1.4.jar:/Users/victor/.m2/repository/io/airlift/aircompressor/0.21/aircompressor-0.21.jar:/Users/victor/.m2/repository/io/airlift/bootstrap/208/bootstrap-208.jar:/Users/victor/.m2/repository/io/airlift/bytecode/1.2/bytecode-1.2.jar:/Users/victor/.m2/repository/org/ow2/asm/asm-tree/6.2.1/asm-tree-6.2.1.jar:/Users/victor/.m2/repository/org/ow2/asm/asm-util/6.2.1/asm-util-6.2.1.jar:/Users/victor/.m2/repository/org/ow2/asm/asm-analysis/6.2.1/asm-analysis-6.2.1.jar:/Users/victor/.m2/repository/io/airlift/concurrent/208/concurrent-208.jar:/Users/victor/.m2/repository/io/airlift/configuration/208/configuration-208.jar:/Users/victor/.m2/repository/org/apache/bval/bval-jsr/2.0.5/bval-jsr-2.0.5.jar:/Users/victor/.m2/repository/net/bytebuddy/byte-buddy/1.10.22/byte-buddy-1.10.22.jar:/Users/victor/.m2/repository/io/airlift/discovery/208/discovery-208.jar:/Users/victor/.m2/repository/io/airlift/event/208/event-208.jar:/Users/victor/.m2/repository/io/airlift/http-client/208/http-client-208.jar:/Users/victor/.m2/repository/ch/qos/logback/logback-core/1.2.3/logback-core-1.2.3.jar:/Users/victor/.m2/repository/org/eclipse/jetty/jetty-client/9.4.42.v20210604/jetty-client-9.4.42.v20210604.jar:/Users/victor/.m2/repository/org/eclipse/jetty/jetty-io/9.4.42.v20210604/jetty-io-9.4.42.v20210604.jar:/Users/victor/.m2/repository/org/eclipse/jetty/jetty-util/9.4.42.v20210604/jetty-util-9.4.42.v20210604.jar:/Users/victor/.m2/repository/org/eclipse/jetty/jetty-http/9.4.42.v20210604/jetty-http-9.4.42.v20210604.jar:/Users/victor/.m2/repository/org/eclipse/jetty/http2/http2-client/9.4.42.v20210604/http2-client-9.4.42.v20210604.jar:/Users/victor/.m2/repository/org/eclipse/jetty/http2/http2-common/9.4.42.v20210604/http2-common-9.4.42.v20210604.jar:/Users/victor/.m2/repository/org/eclipse/jetty/http2/http2-hpack/9.4.42.v20210604/http2-hpack-9.4.42.v20210604.jar:/Users/victor/.m2/repository/org/eclipse/jetty/jetty-alpn-client/9.4.42.v20210604/jetty-alpn-client-9.4.42.v20210604.jar:/Users/victor/.m2/repository/org/eclipse/jetty/http2/http2-http-client-transport/9.4.42.v20210604/http2-http-client-transport-9.4.42.v20210604.jar:/Users/victor/.m2/repository/org/eclipse/jetty/jetty-alpn-java-client/9.4.42.v20210604/jetty-alpn-java-client-9.4.42.v20210604.jar:/Users/victor/.m2/repository/io/airlift/http-server/208/http-server-208.jar:/Users/victor/.m2/repository/org/eclipse/jetty/http2/http2-server/9.4.42.v20210604/http2-server-9.4.42.v20210604.jar:/Users/victor/.m2/repository/org/eclipse/jetty/jetty-server/9.4.42.v20210604/jetty-server-9.4.42.v20210604.jar:/Users/victor/.m2/repository/org/eclipse/jetty/jetty-servlet/9.4.42.v20210604/jetty-servlet-9.4.42.v20210604.jar:/Users/victor/.m2/repository/org/eclipse/jetty/jetty-util-ajax/9.4.42.v20210604/jetty-util-ajax-9.4.42.v20210604.jar:/Users/victor/.m2/repository/org/eclipse/jetty/jetty-security/9.4.42.v20210604/jetty-security-9.4.42.v20210604.jar:/Users/victor/.m2/repository/org/eclipse/jetty/jetty-jmx/9.4.42.v20210604/jetty-jmx-9.4.42.v20210604.jar:/Users/victor/.m2/repository/io/airlift/jaxrs/208/jaxrs-208.jar:/Users/victor/.m2/repository/javax/xml/bind/jaxb-api/2.3.1/jaxb-api-2.3.1.jar:/Users/victor/.m2/repository/javax/activation/javax.activation-api/1.2.0/javax.activation-api-1.2.0.jar:/Users/victor/.m2/repository/org/glassfish/jaxb/jaxb-runtime/2.3.4/jaxb-runtime-2.3.4.jar:/Users/victor/.m2/repository/org/glassfish/jaxb/txw2/2.3.4/txw2-2.3.4.jar:/Users/victor/.m2/repository/com/sun/istack/istack-commons-runtime/3.0.12/istack-commons-runtime-3.0.12.jar:/Users/victor/.m2/repository/org/glassfish/jersey/core/jersey-server/2.26/jersey-server-2.26.jar:/Users/victor/.m2/repository/org/glassfish/jersey/core/jersey-common/2.26/jersey-common-2.26.jar:/Users/victor/.m2/repository/org/glassfish/hk2/osgi-resource-locator/1.0.1/osgi-resource-locator-1.0.1.jar:/Users/victor/.m2/repository/org/glassfish/jersey/core/jersey-client/2.26/jersey-client-2.26.jar:/Users/victor/.m2/repository/org/glassfish/jersey/media/jersey-media-jaxb/2.26/jersey-media-jaxb-2.26.jar:/Users/victor/.m2/repository/org/glassfish/jersey/containers/jersey-container-servlet-core/2.26/jersey-container-servlet-core-2.26.jar:/Users/victor/.m2/repository/org/glassfish/jersey/containers/jersey-container-servlet/2.26/jersey-container-servlet-2.26.jar:/Users/victor/.m2/repository/org/glassfish/jersey/inject/jersey-hk2/2.26/jersey-hk2-2.26.jar:/Users/victor/.m2/repository/org/glassfish/hk2/hk2-locator/2.5.0-b42/hk2-locator-2.5.0-b42.jar:/Users/victor/.m2/repository/org/glassfish/hk2/hk2-api/2.5.0-b42/hk2-api-2.5.0-b42.jar:/Users/victor/.m2/repository/org/glassfish/hk2/hk2-utils/2.5.0-b42/hk2-utils-2.5.0-b42.jar:/Users/victor/.m2/repository/org/javassist/javassist/3.22.0-GA/javassist-3.22.0-GA.jar:/Users/victor/.m2/repository/com/fasterxml/jackson/dataformat/jackson-dataformat-smile/2.12.3/jackson-dataformat-smile-2.12.3.jar:/Users/victor/.m2/repository/io/airlift/jmx/208/jmx-208.jar:/Users/victor/.m2/repository/io/airlift/jmx-http/208/jmx-http-208.jar:/Users/victor/.m2/repository/io/airlift/joni/2.1.5.3/joni-2.1.5.3.jar:/Users/victor/.m2/repository/io/airlift/json/208/json-208.jar:/Users/victor/.m2/repository/com/fasterxml/jackson/datatype/jackson-datatype-jsr310/2.12.3/jackson-datatype-jsr310-2.12.3.jar:/Users/victor/.m2/repository/com/fasterxml/jackson/datatype/jackson-datatype-guava/2.12.3/jackson-datatype-guava-2.12.3.jar:/Users/victor/.m2/repository/com/fasterxml/jackson/datatype/jackson-datatype-joda/2.12.3/jackson-datatype-joda-2.12.3.jar:/Users/victor/.m2/repository/com/fasterxml/jackson/module/jackson-module-parameter-names/2.12.3/jackson-module-parameter-names-2.12.3.jar:/Users/victor/.m2/repository/io/airlift/log/208/log-208.jar:/Users/victor/.m2/repository/io/airlift/log-manager/208/log-manager-208.jar:/Users/victor/.m2/repository/org/slf4j/slf4j-jdk14/1.7.32/slf4j-jdk14-1.7.32.jar:/Users/victor/.m2/repository/org/slf4j/log4j-over-slf4j/1.7.32/log4j-over-slf4j-1.7.32.jar:/Users/victor/.m2/repository/org/slf4j/jcl-over-slf4j/1.7.32/jcl-over-slf4j-1.7.32.jar:/Users/victor/.m2/repository/io/airlift/node/208/node-208.jar:/Users/victor/.m2/repository/io/airlift/security/208/security-208.jar:/Users/victor/.m2/repository/io/airlift/stats/208/stats-208.jar:/Users/victor/.m2/repository/org/hdrhistogram/HdrHistogram/2.1.9/HdrHistogram-2.1.9.jar:/Users/victor/.m2/repository/io/airlift/trace-token/208/trace-token-208.jar:/Users/victor/.m2/repository/io/airlift/units/1.6/units-1.6.jar:/Users/victor/.m2/repository/io/airlift/discovery/discovery-server/1.30/discovery-server-1.30.jar:/Users/victor/.m2/repository/io/airlift/jmx-http-rpc/0.193/jmx-http-rpc-0.193.jar:/Users/victor/.m2/repository/org/iq80/leveldb/leveldb-api/0.12/leveldb-api-0.12.jar:/Users/victor/.m2/repository/org/iq80/leveldb/leveldb/0.12/leveldb-0.12.jar:/Users/victor/.m2/repository/io/airlift/event-http/0.193/event-http-0.193.jar:/Users/victor/.m2/repository/com/clearspring/analytics/stream/2.9.5/stream-2.9.5.jar:/Users/victor/.m2/repository/org/slf4j/slf4j-api/1.7.32/slf4j-api-1.7.32.jar:/Users/victor/.m2/repository/com/esri/geometry/esri-geometry-api/2.2.4/esri-geometry-api-2.2.4.jar:/Users/victor/.m2/repository/com/fasterxml/jackson/core/jackson-core/2.12.3/jackson-core-2.12.3.jar:/Users/victor/.m2/repository/com/fasterxml/jackson/core/jackson-databind/2.12.3/jackson-databind-2.12.3.jar:/Users/victor/.m2/repository/com/github/scribejava/scribejava-apis/6.9.0/scribejava-apis-6.9.0.jar:/Users/victor/.m2/repository/com/github/scribejava/scribejava-core/6.9.0/scribejava-core-6.9.0.jar:/Users/victor/.m2/repository/com/google/inject/guice/5.0.1/guice-5.0.1.jar:/Users/victor/.m2/repository/aopalliance/aopalliance/1.0/aopalliance-1.0.jar:/Users/victor/.m2/repository/com/teradata/re2j-td/1.4/re2j-td-1.4.jar:/Users/victor/.m2/repository/commons-codec/commons-codec/1.15/commons-codec-1.15.jar:/Users/victor/.m2/repository/io/jsonwebtoken/jjwt/0.9.0/jjwt-0.9.0.jar:/Users/victor/.m2/repository/it/unimi/dsi/fastutil/8.3.0/fastutil-8.3.0.jar:/Users/victor/.m2/repository/javax/annotation/javax.annotation-api/1.3.2/javax.annotation-api-1.3.2.jar:/Users/victor/.m2/repository/javax/inject/javax.inject/1/javax.inject-1.jar:/Users/victor/.m2/repository/javax/servlet/javax.servlet-api/4.0.1/javax.servlet-api-4.0.1.jar:/Users/victor/.m2/repository/javax/validation/validation-api/2.0.1.Final/validation-api-2.0.1.Final.jar:/Users/victor/.m2/repository/javax/ws/rs/javax.ws.rs-api/2.1/javax.ws.rs-api-2.1.jar:/Users/victor/.m2/repository/joda-time/joda-time/2.10.10/joda-time-2.10.10.jar:/Users/victor/.m2/repository/org/apache/commons/commons-math3/3.6.1/commons-math3-3.6.1.jar:/Users/victor/.m2/repository/org/apache/lucene/lucene-analyzers-common/8.4.1/lucene-analyzers-common-8.4.1.jar:/Users/victor/.m2/repository/org/apache/lucene/lucene-core/8.4.1/lucene-core-8.4.1.jar:/Users/victor/.m2/repository/org/jgrapht/jgrapht-core/0.9.0/jgrapht-core-0.9.0.jar:/Users/victor/.m2/repository/org/locationtech/jts/jts-core/1.16.1/jts-core-1.16.1.jar:/Users/victor/.m2/repository/org/ow2/asm/asm/9.1/asm-9.1.jar:/Users/victor/.m2/repository/org/pcollections/pcollections/2.1.2/pcollections-2.1.2.jar:/Users/victor/.m2/repository/org/weakref/jmxutils/1.21/jmxutils-1.21.jar:/Users/victor/.m2/repository/com/squareup/okhttp3/okhttp/3.14.9/okhttp-3.14.9.jar:/Users/victor/.m2/repository/com/squareup/okio/okio/1.17.2/okio-1.17.2.jar:/Users/victor/.m2/repository/com/squareup/okhttp3/okhttp-urlconnection/3.14.9/okhttp-urlconnection-3.14.9.jar:/Users/victor/.m2/repository/io/trino/trino-main/364/trino-main-364-tests.jar:/Users/victor/.m2/repository/io/trino/trino-testing/364/trino-testing-364.jar:/Users/victor/.m2/repository/io/trino/trino-testing-services/364/trino-testing-services-364.jar:/Users/victor/.m2/repository/io/trino/trino-tpch/364/trino-tpch-364.jar:/Users/victor/.m2/repository/io/trino/tpch/tpch/1.1/tpch-1.1.jar:/Users/victor/.m2/repository/io/airlift/testing/208/testing-208.jar:/Users/victor/.m2/repository/com/github/docker-java/docker-java-api/3.2.12/docker-java-api-3.2.12.jar:/Users/victor/.m2/repository/net/jodah/failsafe/2.4.0/failsafe-2.4.0.jar:/Users/victor/.m2/repository/org/assertj/assertj-core/3.18.1/assertj-core-3.18.1.jar:/Users/victor/.m2/repository/org/jdbi/jdbi3-core/3.23.0/jdbi3-core-3.23.0.jar:/Users/victor/.m2/repository/io/leangen/geantyref/geantyref/1.3.11/geantyref-1.3.11.jar:/Users/victor/.m2/repository/com/github/ben-manes/caffeine/caffeine/3.0.3/caffeine-3.0.3.jar:/Users/victor/.m2/repository/org/testcontainers/testcontainers/1.16.2/testcontainers-1.16.2.jar:/Users/victor/.m2/repository/junit/junit/4.13.2/junit-4.13.2.jar:/Users/victor/.m2/repository/org/hamcrest/hamcrest-core/1.3/hamcrest-core-1.3.jar:/Users/victor/.m2/repository/org/apache/commons/commons-compress/1.21/commons-compress-1.21.jar:/Users/victor/.m2/repository/org/rnorth/duct-tape/duct-tape/1.0.8/duct-tape-1.0.8.jar:/Users/victor/.m2/repository/org/jetbrains/annotations/19.0.0/annotations-19.0.0.jar:/Users/victor/.m2/repository/com/github/docker-java/docker-java-transport-zerodep/3.2.12/docker-java-transport-zerodep-3.2.12.jar:/Users/victor/.m2/repository/com/github/docker-java/docker-java-transport/3.2.12/docker-java-transport-3.2.12.jar:/Users/victor/.m2/repository/net/java/dev/jna/jna/5.8.0/jna-5.8.0.jar:/Users/victor/.m2/repository/com/h2database/h2/1.4.200/h2-1.4.200.jar:/Users/victor/.m2/repository/org/testng/testng/6.10/testng-6.10.jar:/Users/victor/.m2/repository/com/beust/jcommander/1.48/jcommander-1.48.jar:"/>
    <property name="java.vm.vendor" value="Azul Systems, Inc."/>
    <property name="sun.arch.data.model" value="64"/>
    <property name="java.vendor.url" value="http://www.azul.com/"/>
    <property name="user.timezone" value="America/Bahia_Banderas"/>
    <property name="java.vm.specification.version" value="11"/>
    <property name="os.name" value="Mac OS X"/>
    <property name="sun.java.launcher" value="SUN_STANDARD"/>
    <property name="user.country" value="FR"/>
    <property name="sun.boot.library.path" value="/Users/victor/Library/Java/JavaVirtualMachines/azul-11.0.13/Contents/Home/lib"/>
    <property name="sun.java.command" value="/Users/victor/product/UDF/trino-encrypt-udfs/target/surefire/surefirebooter17245656286436367224.jar /Users/victor/product/UDF/trino-encrypt-udfs/target/surefire 2021-12-23T08-29-29_414-jvmRun1 surefire10914149526746611576tmp surefire_17499205264482455937tmp"/>
    <property name="http.nonProxyHosts" value="local|*.local|169.254/16|*.169.254/16"/>
    <property name="jdk.debug" value="release"/>
    <property name="surefire.test.class.path" value="/Users/victor/product/UDF/trino-encrypt-udfs/target/test-classes:/Users/victor/product/UDF/trino-encrypt-udfs/target/classes:/Users/victor/.m2/repository/com/google/guava/guava/30.1.1-jre/guava-30.1.1-jre.jar:/Users/victor/.m2/repository/com/google/guava/failureaccess/1.0.1/failureaccess-1.0.1.jar:/Users/victor/.m2/repository/com/google/code/findbugs/jsr305/3.0.2/jsr305-3.0.2.jar:/Users/victor/.m2/repository/org/checkerframework/checker-qual/3.18.0/checker-qual-3.18.0.jar:/Users/victor/.m2/repository/com/google/errorprone/error_prone_annotations/2.9.0/error_prone_annotations-2.9.0.jar:/Users/victor/.m2/repository/com/google/j2objc/j2objc-annotations/1.3/j2objc-annotations-1.3.jar:/Users/victor/.m2/repository/io/trino/trino-spi/364/trino-spi-364.jar:/Users/victor/.m2/repository/com/fasterxml/jackson/core/jackson-annotations/2.12.3/jackson-annotations-2.12.3.jar:/Users/victor/.m2/repository/io/airlift/slice/0.39/slice-0.39.jar:/Users/victor/.m2/repository/org/openjdk/jol/jol-core/0.2/jol-core-0.2.jar:/Users/victor/.m2/repository/io/trino/trino-main/364/trino-main-364.jar:/Users/victor/.m2/repository/io/trino/trino-array/364/trino-array-364.jar:/Users/victor/.m2/repository/io/trino/trino-client/364/trino-client-364.jar:/Users/victor/.m2/repository/com/fasterxml/jackson/datatype/jackson-datatype-jdk8/2.12.3/jackson-datatype-jdk8-2.12.3.jar:/Users/victor/.m2/repository/io/trino/trino-geospatial-toolkit/364/trino-geospatial-toolkit-364.jar:/Users/victor/.m2/repository/org/locationtech/jts/io/jts-io-common/1.16.1/jts-io-common-1.16.1.jar:/Users/victor/.m2/repository/com/googlecode/json-simple/json-simple/1.1.1/json-simple-1.1.1.jar:/Users/victor/.m2/repository/io/trino/trino-matching/364/trino-matching-364.jar:/Users/victor/.m2/repository/io/trino/trino-memory-context/364/trino-memory-context-364.jar:/Users/victor/.m2/repository/io/trino/trino-parser/364/trino-parser-364.jar:/Users/victor/.m2/repository/org/antlr/antlr4-runtime/4.9.2/antlr4-runtime-4.9.2.jar:/Users/victor/.m2/repository/io/trino/trino-plugin-toolkit/364/trino-plugin-toolkit-364.jar:/Users/victor/.m2/repository/io/airlift/parameternames/1.4/parameternames-1.4.jar:/Users/victor/.m2/repository/io/airlift/aircompressor/0.21/aircompressor-0.21.jar:/Users/victor/.m2/repository/io/airlift/bootstrap/208/bootstrap-208.jar:/Users/victor/.m2/repository/io/airlift/bytecode/1.2/bytecode-1.2.jar:/Users/victor/.m2/repository/org/ow2/asm/asm-tree/6.2.1/asm-tree-6.2.1.jar:/Users/victor/.m2/repository/org/ow2/asm/asm-util/6.2.1/asm-util-6.2.1.jar:/Users/victor/.m2/repository/org/ow2/asm/asm-analysis/6.2.1/asm-analysis-6.2.1.jar:/Users/victor/.m2/repository/io/airlift/concurrent/208/concurrent-208.jar:/Users/victor/.m2/repository/io/airlift/configuration/208/configuration-208.jar:/Users/victor/.m2/repository/org/apache/bval/bval-jsr/2.0.5/bval-jsr-2.0.5.jar:/Users/victor/.m2/repository/net/bytebuddy/byte-buddy/1.10.22/byte-buddy-1.10.22.jar:/Users/victor/.m2/repository/io/airlift/discovery/208/discovery-208.jar:/Users/victor/.m2/repository/io/airlift/event/208/event-208.jar:/Users/victor/.m2/repository/io/airlift/http-client/208/http-client-208.jar:/Users/victor/.m2/repository/ch/qos/logback/logback-core/1.2.3/logback-core-1.2.3.jar:/Users/victor/.m2/repository/org/eclipse/jetty/jetty-client/9.4.42.v20210604/jetty-client-9.4.42.v20210604.jar:/Users/victor/.m2/repository/org/eclipse/jetty/jetty-io/9.4.42.v20210604/jetty-io-9.4.42.v20210604.jar:/Users/victor/.m2/repository/org/eclipse/jetty/jetty-util/9.4.42.v20210604/jetty-util-9.4.42.v20210604.jar:/Users/victor/.m2/repository/org/eclipse/jetty/jetty-http/9.4.42.v20210604/jetty-http-9.4.42.v20210604.jar:/Users/victor/.m2/repository/org/eclipse/jetty/http2/http2-client/9.4.42.v20210604/http2-client-9.4.42.v20210604.jar:/Users/victor/.m2/repository/org/eclipse/jetty/http2/http2-common/9.4.42.v20210604/http2-common-9.4.42.v20210604.jar:/Users/victor/.m2/repository/org/eclipse/jetty/http2/http2-hpack/9.4.42.v20210604/http2-hpack-9.4.42.v20210604.jar:/Users/victor/.m2/repository/org/eclipse/jetty/jetty-alpn-client/9.4.42.v20210604/jetty-alpn-client-9.4.42.v20210604.jar:/Users/victor/.m2/repository/org/eclipse/jetty/http2/http2-http-client-transport/9.4.42.v20210604/http2-http-client-transport-9.4.42.v20210604.jar:/Users/victor/.m2/repository/org/eclipse/jetty/jetty-alpn-java-client/9.4.42.v20210604/jetty-alpn-java-client-9.4.42.v20210604.jar:/Users/victor/.m2/repository/io/airlift/http-server/208/http-server-208.jar:/Users/victor/.m2/repository/org/eclipse/jetty/http2/http2-server/9.4.42.v20210604/http2-server-9.4.42.v20210604.jar:/Users/victor/.m2/repository/org/eclipse/jetty/jetty-server/9.4.42.v20210604/jetty-server-9.4.42.v20210604.jar:/Users/victor/.m2/repository/org/eclipse/jetty/jetty-servlet/9.4.42.v20210604/jetty-servlet-9.4.42.v20210604.jar:/Users/victor/.m2/repository/org/eclipse/jetty/jetty-util-ajax/9.4.42.v20210604/jetty-util-ajax-9.4.42.v20210604.jar:/Users/victor/.m2/repository/org/eclipse/jetty/jetty-security/9.4.42.v20210604/jetty-security-9.4.42.v20210604.jar:/Users/victor/.m2/repository/org/eclipse/jetty/jetty-jmx/9.4.42.v20210604/jetty-jmx-9.4.42.v20210604.jar:/Users/victor/.m2/repository/io/airlift/jaxrs/208/jaxrs-208.jar:/Users/victor/.m2/repository/javax/xml/bind/jaxb-api/2.3.1/jaxb-api-2.3.1.jar:/Users/victor/.m2/repository/javax/activation/javax.activation-api/1.2.0/javax.activation-api-1.2.0.jar:/Users/victor/.m2/repository/org/glassfish/jaxb/jaxb-runtime/2.3.4/jaxb-runtime-2.3.4.jar:/Users/victor/.m2/repository/org/glassfish/jaxb/txw2/2.3.4/txw2-2.3.4.jar:/Users/victor/.m2/repository/com/sun/istack/istack-commons-runtime/3.0.12/istack-commons-runtime-3.0.12.jar:/Users/victor/.m2/repository/org/glassfish/jersey/core/jersey-server/2.26/jersey-server-2.26.jar:/Users/victor/.m2/repository/org/glassfish/jersey/core/jersey-common/2.26/jersey-common-2.26.jar:/Users/victor/.m2/repository/org/glassfish/hk2/osgi-resource-locator/1.0.1/osgi-resource-locator-1.0.1.jar:/Users/victor/.m2/repository/org/glassfish/jersey/core/jersey-client/2.26/jersey-client-2.26.jar:/Users/victor/.m2/repository/org/glassfish/jersey/media/jersey-media-jaxb/2.26/jersey-media-jaxb-2.26.jar:/Users/victor/.m2/repository/org/glassfish/jersey/containers/jersey-container-servlet-core/2.26/jersey-container-servlet-core-2.26.jar:/Users/victor/.m2/repository/org/glassfish/jersey/containers/jersey-container-servlet/2.26/jersey-container-servlet-2.26.jar:/Users/victor/.m2/repository/org/glassfish/jersey/inject/jersey-hk2/2.26/jersey-hk2-2.26.jar:/Users/victor/.m2/repository/org/glassfish/hk2/hk2-locator/2.5.0-b42/hk2-locator-2.5.0-b42.jar:/Users/victor/.m2/repository/org/glassfish/hk2/hk2-api/2.5.0-b42/hk2-api-2.5.0-b42.jar:/Users/victor/.m2/repository/org/glassfish/hk2/hk2-utils/2.5.0-b42/hk2-utils-2.5.0-b42.jar:/Users/victor/.m2/repository/org/javassist/javassist/3.22.0-GA/javassist-3.22.0-GA.jar:/Users/victor/.m2/repository/com/fasterxml/jackson/dataformat/jackson-dataformat-smile/2.12.3/jackson-dataformat-smile-2.12.3.jar:/Users/victor/.m2/repository/io/airlift/jmx/208/jmx-208.jar:/Users/victor/.m2/repository/io/airlift/jmx-http/208/jmx-http-208.jar:/Users/victor/.m2/repository/io/airlift/joni/2.1.5.3/joni-2.1.5.3.jar:/Users/victor/.m2/repository/io/airlift/json/208/json-208.jar:/Users/victor/.m2/repository/com/fasterxml/jackson/datatype/jackson-datatype-jsr310/2.12.3/jackson-datatype-jsr310-2.12.3.jar:/Users/victor/.m2/repository/com/fasterxml/jackson/datatype/jackson-datatype-guava/2.12.3/jackson-datatype-guava-2.12.3.jar:/Users/victor/.m2/repository/com/fasterxml/jackson/datatype/jackson-datatype-joda/2.12.3/jackson-datatype-joda-2.12.3.jar:/Users/victor/.m2/repository/com/fasterxml/jackson/module/jackson-module-parameter-names/2.12.3/jackson-module-parameter-names-2.12.3.jar:/Users/victor/.m2/repository/io/airlift/log/208/log-208.jar:/Users/victor/.m2/repository/io/airlift/log-manager/208/log-manager-208.jar:/Users/victor/.m2/repository/org/slf4j/slf4j-jdk14/1.7.32/slf4j-jdk14-1.7.32.jar:/Users/victor/.m2/repository/org/slf4j/log4j-over-slf4j/1.7.32/log4j-over-slf4j-1.7.32.jar:/Users/victor/.m2/repository/org/slf4j/jcl-over-slf4j/1.7.32/jcl-over-slf4j-1.7.32.jar:/Users/victor/.m2/repository/io/airlift/node/208/node-208.jar:/Users/victor/.m2/repository/io/airlift/security/208/security-208.jar:/Users/victor/.m2/repository/io/airlift/stats/208/stats-208.jar:/Users/victor/.m2/repository/org/hdrhistogram/HdrHistogram/2.1.9/HdrHistogram-2.1.9.jar:/Users/victor/.m2/repository/io/airlift/trace-token/208/trace-token-208.jar:/Users/victor/.m2/repository/io/airlift/units/1.6/units-1.6.jar:/Users/victor/.m2/repository/io/airlift/discovery/discovery-server/1.30/discovery-server-1.30.jar:/Users/victor/.m2/repository/io/airlift/jmx-http-rpc/0.193/jmx-http-rpc-0.193.jar:/Users/victor/.m2/repository/org/iq80/leveldb/leveldb-api/0.12/leveldb-api-0.12.jar:/Users/victor/.m2/repository/org/iq80/leveldb/leveldb/0.12/leveldb-0.12.jar:/Users/victor/.m2/repository/io/airlift/event-http/0.193/event-http-0.193.jar:/Users/victor/.m2/repository/com/clearspring/analytics/stream/2.9.5/stream-2.9.5.jar:/Users/victor/.m2/repository/org/slf4j/slf4j-api/1.7.32/slf4j-api-1.7.32.jar:/Users/victor/.m2/repository/com/esri/geometry/esri-geometry-api/2.2.4/esri-geometry-api-2.2.4.jar:/Users/victor/.m2/repository/com/fasterxml/jackson/core/jackson-core/2.12.3/jackson-core-2.12.3.jar:/Users/victor/.m2/repository/com/fasterxml/jackson/core/jackson-databind/2.12.3/jackson-databind-2.12.3.jar:/Users/victor/.m2/repository/com/github/scribejava/scribejava-apis/6.9.0/scribejava-apis-6.9.0.jar:/Users/victor/.m2/repository/com/github/scribejava/scribejava-core/6.9.0/scribejava-core-6.9.0.jar:/Users/victor/.m2/repository/com/google/inject/guice/5.0.1/guice-5.0.1.jar:/Users/victor/.m2/repository/aopalliance/aopalliance/1.0/aopalliance-1.0.jar:/Users/victor/.m2/repository/com/teradata/re2j-td/1.4/re2j-td-1.4.jar:/Users/victor/.m2/repository/commons-codec/commons-codec/1.15/commons-codec-1.15.jar:/Users/victor/.m2/repository/io/jsonwebtoken/jjwt/0.9.0/jjwt-0.9.0.jar:/Users/victor/.m2/repository/it/unimi/dsi/fastutil/8.3.0/fastutil-8.3.0.jar:/Users/victor/.m2/repository/javax/annotation/javax.annotation-api/1.3.2/javax.annotation-api-1.3.2.jar:/Users/victor/.m2/repository/javax/inject/javax.inject/1/javax.inject-1.jar:/Users/victor/.m2/repository/javax/servlet/javax.servlet-api/4.0.1/javax.servlet-api-4.0.1.jar:/Users/victor/.m2/repository/javax/validation/validation-api/2.0.1.Final/validation-api-2.0.1.Final.jar:/Users/victor/.m2/repository/javax/ws/rs/javax.ws.rs-api/2.1/javax.ws.rs-api-2.1.jar:/Users/victor/.m2/repository/joda-time/joda-time/2.10.10/joda-time-2.10.10.jar:/Users/victor/.m2/repository/org/apache/commons/commons-math3/3.6.1/commons-math3-3.6.1.jar:/Users/victor/.m2/repository/org/apache/lucene/lucene-analyzers-common/8.4.1/lucene-analyzers-common-8.4.1.jar:/Users/victor/.m2/repository/org/apache/lucene/lucene-core/8.4.1/lucene-core-8.4.1.jar:/Users/victor/.m2/repository/org/jgrapht/jgrapht-core/0.9.0/jgrapht-core-0.9.0.jar:/Users/victor/.m2/repository/org/locationtech/jts/jts-core/1.16.1/jts-core-1.16.1.jar:/Users/victor/.m2/repository/org/ow2/asm/asm/9.1/asm-9.1.jar:/Users/victor/.m2/repository/org/pcollections/pcollections/2.1.2/pcollections-2.1.2.jar:/Users/victor/.m2/repository/org/weakref/jmxutils/1.21/jmxutils-1.21.jar:/Users/victor/.m2/repository/com/squareup/okhttp3/okhttp/3.14.9/okhttp-3.14.9.jar:/Users/victor/.m2/repository/com/squareup/okio/okio/1.17.2/okio-1.17.2.jar:/Users/victor/.m2/repository/com/squareup/okhttp3/okhttp-urlconnection/3.14.9/okhttp-urlconnection-3.14.9.jar:/Users/victor/.m2/repository/io/trino/trino-main/364/trino-main-364-tests.jar:/Users/victor/.m2/repository/io/trino/trino-testing/364/trino-testing-364.jar:/Users/victor/.m2/repository/io/trino/trino-testing-services/364/trino-testing-services-364.jar:/Users/victor/.m2/repository/io/trino/trino-tpch/364/trino-tpch-364.jar:/Users/victor/.m2/repository/io/trino/tpch/tpch/1.1/tpch-1.1.jar:/Users/victor/.m2/repository/io/airlift/testing/208/testing-208.jar:/Users/victor/.m2/repository/com/github/docker-java/docker-java-api/3.2.12/docker-java-api-3.2.12.jar:/Users/victor/.m2/repository/net/jodah/failsafe/2.4.0/failsafe-2.4.0.jar:/Users/victor/.m2/repository/org/assertj/assertj-core/3.18.1/assertj-core-3.18.1.jar:/Users/victor/.m2/repository/org/jdbi/jdbi3-core/3.23.0/jdbi3-core-3.23.0.jar:/Users/victor/.m2/repository/io/leangen/geantyref/geantyref/1.3.11/geantyref-1.3.11.jar:/Users/victor/.m2/repository/com/github/ben-manes/caffeine/caffeine/3.0.3/caffeine-3.0.3.jar:/Users/victor/.m2/repository/org/testcontainers/testcontainers/1.16.2/testcontainers-1.16.2.jar:/Users/victor/.m2/repository/junit/junit/4.13.2/junit-4.13.2.jar:/Users/victor/.m2/repository/org/hamcrest/hamcrest-core/1.3/hamcrest-core-1.3.jar:/Users/victor/.m2/repository/org/apache/commons/commons-compress/1.21/commons-compress-1.21.jar:/Users/victor/.m2/repository/org/rnorth/duct-tape/duct-tape/1.0.8/duct-tape-1.0.8.jar:/Users/victor/.m2/repository/org/jetbrains/annotations/19.0.0/annotations-19.0.0.jar:/Users/victor/.m2/repository/com/github/docker-java/docker-java-transport-zerodep/3.2.12/docker-java-transport-zerodep-3.2.12.jar:/Users/victor/.m2/repository/com/github/docker-java/docker-java-transport/3.2.12/docker-java-transport-3.2.12.jar:/Users/victor/.m2/repository/net/java/dev/jna/jna/5.8.0/jna-5.8.0.jar:/Users/victor/.m2/repository/com/h2database/h2/1.4.200/h2-1.4.200.jar:/Users/victor/.m2/repository/org/testng/testng/6.10/testng-6.10.jar:/Users/victor/.m2/repository/com/beust/jcommander/1.48/jcommander-1.48.jar:"/>
    <property name="sun.cpu.endian" value="little"/>
    <property name="user.home" value="/Users/victor"/>
    <property name="user.language" value="en"/>
    <property name="java.specification.vendor" value="Oracle Corporation"/>
    <property name="java.version.date" value="2021-10-19"/>
    <property name="java.home" value="/Users/victor/Library/Java/JavaVirtualMachines/azul-11.0.13/Contents/Home"/>
    <property name="file.separator" value="/"/>
    <property name="basedir" value="/Users/victor/product/UDF/trino-encrypt-udfs"/>
    <property name="java.vm.compressedOopsMode" value="Zero based"/>
    <property name="line.separator" value="&#10;"/>
    <property name="java.specification.name" value="Java Platform API Specification"/>
    <property name="java.vm.specification.vendor" value="Oracle Corporation"/>
    <property name="jdk.vendor.version" value="Zulu11.52+13-CA"/>
    <property name="java.awt.graphicsenv" value="sun.awt.CGraphicsEnvironment"/>
    <property name="java.awt.headless" value="true"/>
    <property name="surefire.real.class.path" value="/Users/victor/product/UDF/trino-encrypt-udfs/target/surefire/surefirebooter17245656286436367224.jar"/>
    <property name="sun.management.compiler" value="HotSpot 64-Bit Tiered Compilers"/>
    <property name="ftp.nonProxyHosts" value="local|*.local|169.254/16|*.169.254/16"/>
    <property name="java.runtime.version" value="11.0.13+8-LTS"/>
    <property name="user.name" value="victor"/>
    <property name="path.separator" value=":"/>
    <property name="os.version" value="10.15.7"/>
    <property name="java.runtime.name" value="OpenJDK Runtime Environment"/>
    <property name="file.encoding" value="UTF-8"/>
    <property name="java.vm.name" value="OpenJDK 64-Bit Server VM"/>
    <property name="java.vendor.version" value="Zulu11.52+13-CA"/>
    <property name="localRepository" value="/Users/victor/.m2/repository"/>
    <property name="java.vendor.url.bug" value="http://www.azul.com/support/"/>
    <property name="java.io.tmpdir" value="/var/folders/j7/fmr0vm293sl14bkgcxbgtcr40000gn/T/"/>
    <property name="java.version" value="11.0.13"/>
    <property name="user.dir" value="/Users/victor/product/UDF/trino-encrypt-udfs"/>
    <property name="os.arch" value="x86_64"/>
    <property name="java.vm.specification.name" value="Java Virtual Machine Specification"/>
    <property name="java.awt.printerjob" value="sun.lwawt.macosx.CPrinterJob"/>
    <property name="java.util.logging.SimpleFormatter.format" value="%1$tY-%1$tm-%1$tdT%1$tH:%1$tM:%1$tS.%1$tL%1$tz %4$s %5$s%6$s%n"/>
    <property name="sun.os.patch.level" value="unknown"/>
    <property name="java.library.path" value="/Users/victor/Library/Java/Extensions:/Library/Java/Extensions:/Network/Library/Java/Extensions:/System/Library/Java/Extensions:/usr/lib/java:."/>
    <property name="java.vm.info" value="mixed mode"/>
    <property name="java.vendor" value="Azul Systems, Inc."/>
    <property name="java.vm.version" value="11.0.13+8-LTS"/>
    <property name="sun.io.unicode.encoding" value="UnicodeBig"/>
    <property name="java.class.version" value="55.0"/>
    <property name="socksNonProxyHosts" value="local|*.local|169.254/16|*.169.254/16"/>
  </properties>
  <testcase name="testEncrypt" classname="com.starburstdata.udfs.encrypt.TestEncrypt" time="1.051">
    <system-err><![CDATA[2021-12-23T01:29:30.540-0600 INFOS LogTestDurationListener enabled: false
2021-12-23T01:29:30.568-0600 INFOS ProgressLoggingListener is disabled!
]]></system-err>
  </testcase>
</testsuite>