<?xml version="1.0" encoding="UTF-8"?>
<!-- Generated by org.testng.reporters.JUnitReportReporter -->
<testsuite ignored="0" hostname="macbook-pro-de-victor.home" failures="0" tests="1" name="com.starburstdata.udfs.encrypt.TestEncrypt" time="1.051" errors="0" timestamp="23 dÃ©c. 2021 07:29:33 GMT" skipped="0">
  <testcase classname="com.starburstdata.udfs.encrypt.TestEncrypt" name="testEncrypt" time="1.051"/>
</testsuite> <!-- com.starburstdata.udfs.encrypt.TestEncrypt -->
